Added Component: Designator=Error LED(LED_WP7113SEC/J3)
Add component (AddParameter): Name = "Availability"; Value = "Unavailable"; VariantName = "[No Variations]"
Add component (AddParameter): Name = "MF"; Value = "Kingbright"; VariantName = "[No Variations]"
Add component (AddParameter): Name = "MP"; Value = "WP7113SEC/J3"; VariantName = "[No Variations]"
Add component (AddParameter): Name = "Package"; Value = "Radial Kingbright"; VariantName = "[No Variations]"
Add component (AddParameter): Name = "Price"; Value = "None"; VariantName = "[No Variations]"
Add component (AddParameter): Name = "SnapEDA_Link"; Value = "https://www.snapeda.com/parts/WP7113SEC/J3/Kingbright/view-part/826989/?ref=snap"; VariantName = "[No Variations]"
Add component (AddParameter): Name = "Value"; Value = ""; VariantName = "[No Variations]"
Added Component: Designator=MODE 1 (LED_WP7113SEC/J3)
Add component (AddParameter): Name = "Availability"; Value = "Unavailable"; VariantName = "[No Variations]"
Add component (AddParameter): Name = "MF"; Value = "Kingbright"; VariantName = "[No Variations]"
Add component (AddParameter): Name = "MP"; Value = "WP7113SEC/J3"; VariantName = "[No Variations]"
Add component (AddParameter): Name = "Package"; Value = "Radial Kingbright"; VariantName = "[No Variations]"
Add component (AddParameter): Name = "Price"; Value = "None"; VariantName = "[No Variations]"
Add component (AddParameter): Name = "SnapEDA_Link"; Value = "https://www.snapeda.com/parts/WP7113SEC/J3/Kingbright/view-part/826989/?ref=snap"; VariantName = "[No Variations]"
Add component (AddParameter): Name = "Value"; Value = ""; VariantName = "[No Variations]"
Added Component: Designator=MODE 2(LED_WP7113SEC/J3)
Add component (AddParameter): Name = "Availability"; Value = "Unavailable"; VariantName = "[No Variations]"
Add component (AddParameter): Name = "MF"; Value = "Kingbright"; VariantName = "[No Variations]"
Add component (AddParameter): Name = "MP"; Value = "WP7113SEC/J3"; VariantName = "[No Variations]"
Add component (AddParameter): Name = "Package"; Value = "Radial Kingbright"; VariantName = "[No Variations]"
Add component (AddParameter): Name = "Price"; Value = "None"; VariantName = "[No Variations]"
Add component (AddParameter): Name = "SnapEDA_Link"; Value = "https://www.snapeda.com/parts/WP7113SEC/J3/Kingbright/view-part/826989/?ref=snap"; VariantName = "[No Variations]"
Add component (AddParameter): Name = "Value"; Value = ""; VariantName = "[No Variations]"
Added Component: Designator=MODE 3(LED_WP7113SEC/J3)
Add component (AddParameter): Name = "Availability"; Value = "Unavailable"; VariantName = "[No Variations]"
Add component (AddParameter): Name = "MF"; Value = "Kingbright"; VariantName = "[No Variations]"
Add component (AddParameter): Name = "MP"; Value = "WP7113SEC/J3"; VariantName = "[No Variations]"
Add component (AddParameter): Name = "Package"; Value = "Radial Kingbright"; VariantName = "[No Variations]"
Add component (AddParameter): Name = "Price"; Value = "None"; VariantName = "[No Variations]"
Add component (AddParameter): Name = "SnapEDA_Link"; Value = "https://www.snapeda.com/parts/WP7113SEC/J3/Kingbright/view-part/826989/?ref=snap"; VariantName = "[No Variations]"
Add component (AddParameter): Name = "Value"; Value = ""; VariantName = "[No Variations]"
Added Component: Designator=MODE 4(LED_WP7113SEC/J3)
Add component (AddParameter): Name = "Availability"; Value = "Unavailable"; VariantName = "[No Variations]"
Add component (AddParameter): Name = "MF"; Value = "Kingbright"; VariantName = "[No Variations]"
Add component (AddParameter): Name = "MP"; Value = "WP7113SEC/J3"; VariantName = "[No Variations]"
Add component (AddParameter): Name = "Package"; Value = "Radial Kingbright"; VariantName = "[No Variations]"
Add component (AddParameter): Name = "Price"; Value = "None"; VariantName = "[No Variations]"
Add component (AddParameter): Name = "SnapEDA_Link"; Value = "https://www.snapeda.com/parts/WP7113SEC/J3/Kingbright/view-part/826989/?ref=snap"; VariantName = "[No Variations]"
Add component (AddParameter): Name = "Value"; Value = ""; VariantName = "[No Variations]"
Added Component: Designator=MODE 5 (LED_WP7113SEC/J3)
Add component (AddParameter): Name = "Availability"; Value = "Unavailable"; VariantName = "[No Variations]"
Add component (AddParameter): Name = "MF"; Value = "Kingbright"; VariantName = "[No Variations]"
Add component (AddParameter): Name = "MP"; Value = "WP7113SEC/J3"; VariantName = "[No Variations]"
Add component (AddParameter): Name = "Package"; Value = "Radial Kingbright"; VariantName = "[No Variations]"
Add component (AddParameter): Name = "Price"; Value = "None"; VariantName = "[No Variations]"
Add component (AddParameter): Name = "SnapEDA_Link"; Value = "https://www.snapeda.com/parts/WP7113SEC/J3/Kingbright/view-part/826989/?ref=snap"; VariantName = "[No Variations]"
Add component (AddParameter): Name = "Value"; Value = ""; VariantName = "[No Variations]"
Added Component: Designator=Mode Changer(SW_800AWSP9M2QE)
Add component (AddParameter): Name = "Availability"; Value = "In Stock"; VariantName = "[No Variations]"
Add component (AddParameter): Name = "Check_prices"; Value = "https://www.snapeda.com/parts/800AWSP9M2QE/E-Switch/view-part/?ref=eda"; VariantName = "[No Variations]"
Add component (AddParameter): Name = "MF"; Value = "E-Switch"; VariantName = "[No Variations]"
Add component (AddParameter): Name = "MP"; Value = "800AWSP9M2QE"; VariantName = "[No Variations]"
Add component (AddParameter): Name = "Package"; Value = "None"; VariantName = "[No Variations]"
Add component (AddParameter): Name = "Price"; Value = "None"; VariantName = "[No Variations]"
Add component (AddParameter): Name = "Purchase-URL"; Value = "https://pricing.snapeda.com/search/part/800AWSP9M2QE/?ref=eda"; VariantName = "[No Variations]"
Add component (AddParameter): Name = "SnapEDA_Link"; Value = "https://www.snapeda.com/parts/800AWSP9M2QE/E-Switch/view-part/?ref=snap"; VariantName = "[No Variations]"
Add component (AddParameter): Name = "Value"; Value = ""; VariantName = "[No Variations]"
Added Component: Designator=Mode LED , Changer(FP-22-28-4060-MFG)
Add component (AddParameter): Name = "Color"; Value = "Black"; VariantName = "[No Variations]"
Add component (AddParameter): Name = "Connector Type"; Value = "Male Pin"; VariantName = "[No Variations]"
Add component (AddParameter): Name = "Contact Material"; Value = "Brass"; VariantName = "[No Variations]"
Add component (AddParameter): Name = "Contact Mating Length"; Value = "0.24inch"; VariantName = "[No Variations]"
Add component (AddParameter): Name = "Contact Plating"; Value = "Tin"; VariantName = "[No Variations]"
Add component (AddParameter): Name = "Contact Resistance"; Value = "20mR"; VariantName = "[No Variations]"
Add component (AddParameter): Name = "Contact Type"; Value = "Male Pin"; VariantName = "[No Variations]"
Add component (AddParameter): Name = "Current Rating"; Value = "4A"; VariantName = "[No Variations]"
Add component (AddParameter): Name = "Depth"; Value = "2.49mm"; VariantName = "[No Variations]"
Add component (AddParameter): Name = "Gender"; Value = "Male"; VariantName = "[No Variations]"
Add component (AddParameter): Name = "Housing Color"; Value = "Black"; VariantName = "[No Variations]"
Add component (AddParameter): Name = "Housing Material"; Value = "Thermoplastic"; VariantName = "[No Variations]"
Add component (AddParameter): Name = "Length"; Value = "15.24mm"; VariantName = "[No Variations]"
Add component (AddParameter): Name = "Max Operating Temperature"; Value = "75°C"; VariantName = "[No Variations]"
Add component (AddParameter): Name = "Max Voltage Rating (AC)"; Value = "250V"; VariantName = "[No Variations]"
Add component (AddParameter): Name = "Max Voltage Rating (DC)"; Value = "250.25kV"; VariantName = "[No Variations]"
Add component (AddParameter): Name = "Min Operating Temperature"; Value = "0°C"; VariantName = "[No Variations]"
Add component (AddParameter): Name = "Mount"; Value = "Through Hole"; VariantName = "[No Variations]"
Add component (AddParameter): Name = "Number of Contacts"; Value = "6"; VariantName = "[No Variations]"
Add component (AddParameter): Name = "Number of Positions"; Value = "6"; VariantName = "[No Variations]"
Add component (AddParameter): Name = "Number of Rows"; Value = "1"; VariantName = "[No Variations]"
Add component (AddParameter): Name = "Orientation"; Value = "Straight"; VariantName = "[No Variations]"
Add component (AddParameter): Name = "Package Quantity"; Value = "1"; VariantName = "[No Variations]"
Add component (AddParameter): Name = "Packaging"; Value = "Bulk"; VariantName = "[No Variations]"
Add component (AddParameter): Name = "Pitch"; Value = "2.54mm"; VariantName = "[No Variations]"
Add component (AddParameter): Name = "RoHS Compliant"; Value = "Yes"; VariantName = "[No Variations]"
Add component (AddParameter): Name = "Series"; Value = "KK® 42375"; VariantName = "[No Variations]"
Add component (AddParameter): Name = "Termination"; Value = "Solder"; VariantName = "[No Variations]"
Add component (AddParameter): Name = "Voltage Rating"; Value = "250V"; VariantName = "[No Variations]"
Added Component: Designator=Power, Error & Timer off(TECO-640456-4)
Add component (AddParameter): Name = "Agency Approvals"; Value = "CSA,UL"; VariantName = "[No Variations]"
Add component (AddParameter): Name = "Angle"; Value = "Straight"; VariantName = "[No Variations]"
Add component (AddParameter): Name = "Brand/Series"; Value = "MTA-100Series"; VariantName = "[No Variations]"
Add component (AddParameter): Name = "Color"; Value = "White"; VariantName = "[No Variations]"
Add component (AddParameter): Name = "Color, Housing"; Value = "White"; VariantName = "[No Variations]"
Add component (AddParameter): Name = "Connector Type"; Value = "MTA-100"; VariantName = "[No Variations]"
Add component (AddParameter): Name = "Contact Centerline Spacing"; Value = "0.100

in."; VariantName = "[No Variations]"
Add component (AddParameter): Name = "Contact Mating Area Plating"; Value = "Tin"; VariantName = "[No Variations]"
Add component (AddParameter): Name = "Contact Plating"; Value = "Tin"; VariantName = "[No Variations]"
Add component (AddParameter): Name = "Contact Shape"; Value = "Square"; VariantName = "[No Variations]"
Add component (AddParameter): Name = "Contact Termination Area Plating"; Value = "Tin"; VariantName = "[No Variations]"
Add component (AddParameter): Name = "Current, Rating"; Value = "5

A"; VariantName = "[No Variations]"
Add component (AddParameter): Name = "Datasheet URL"; Value = "https://datasheet.ciiva.com/16286/eng-ds-82056-mta-0608-16286228.pdf"; VariantName = "[No Variations]"
Add component (AddParameter): Name = "Datasheet Version"; Value = "Dec-14"; VariantName = "[No Variations]"
Add component (AddParameter): Name = "Flammability Rating"; Value = "UL94V-0"; VariantName = "[No Variations]"
Add component (AddParameter): Name = "Length, Overall"; Value = "0.4

""; VariantName = "[No Variations]"
Add component (AddParameter): Name = "Length, Pin"; Value = "0.14

""; VariantName = "[No Variations]"
Add component (AddParameter): Name = "Length, Terminal Post"; Value = "0.14

in."; VariantName = "[No Variations]"
Add component (AddParameter): Name = "Manufacturer"; Value = "TE Connectivity"; VariantName = "[No Variations]"
Add component (AddParameter): Name = "Manufacturer URL"; Value = "http://www.te.com/"; VariantName = "[No Variations]"
Add component (AddParameter): Name = "Material, Contact"; Value = "CopperAlloy"; VariantName = "[No Variations]"
Add component (AddParameter): Name = "Material, Housing"; Value = "Polyester"; VariantName = "[No Variations]"
Add component (AddParameter): Name = "Mount Angle"; Value = "Vertical"; VariantName = "[No Variations]"
Add component (AddParameter): Name = "Mounting Hole Size"; Value = "0.04

""; VariantName = "[No Variations]"
Add component (AddParameter): Name = "Mounting Type"; Value = "PCMount"; VariantName = "[No Variations]"
Add component (AddParameter): Name = "Number of Contacts"; Value = "4"; VariantName = "[No Variations]"
Add component (AddParameter): Name = "Number of Positions"; Value = "4"; VariantName = "[No Variations]"
Add component (AddParameter): Name = "Number of Rows"; Value = "1"; VariantName = "[No Variations]"
Add component (AddParameter): Name = "Pin Spacing"; Value = "0.1

""; VariantName = "[No Variations]"
Add component (AddParameter): Name = "Primary Type"; Value = "InterconnectSystem"; VariantName = "[No Variations]"
Add component (AddParameter): Name = "Size, Post"; Value = "0.025

in."; VariantName = "[No Variations]"
Add component (AddParameter): Name = "Special Features"; Value = "Pinstrip"; VariantName = "[No Variations]"
Add component (AddParameter): Name = "Standards"; Value = "RoHSCompliant,ELVCompliant,UL94V-0"; VariantName = "[No Variations]"
Add component (AddParameter): Name = "Temperature, Operating"; Value = "-55to+105

degC"; VariantName = "[No Variations]"
Add component (AddParameter): Name = "Termination"; Value = "Solder"; VariantName = "[No Variations]"
Add component (AddParameter): Name = "Type"; Value = "PCBPlug"; VariantName = "[No Variations]"
Add component (AddParameter): Name = "Voltage, Rating"; Value = "250

V"; VariantName = "[No Variations]"
Added Component: Designator=Power LED(LED_WP7113SEC/J3)
Add component (AddParameter): Name = "Availability"; Value = "Unavailable"; VariantName = "[No Variations]"
Add component (AddParameter): Name = "MF"; Value = "Kingbright"; VariantName = "[No Variations]"
Add component (AddParameter): Name = "MP"; Value = "WP7113SEC/J3"; VariantName = "[No Variations]"
Add component (AddParameter): Name = "Package"; Value = "Radial Kingbright"; VariantName = "[No Variations]"
Add component (AddParameter): Name = "Price"; Value = "None"; VariantName = "[No Variations]"
Add component (AddParameter): Name = "SnapEDA_Link"; Value = "https://www.snapeda.com/parts/WP7113SEC/J3/Kingbright/view-part/826989/?ref=snap"; VariantName = "[No Variations]"
Add component (AddParameter): Name = "Value"; Value = ""; VariantName = "[No Variations]"
Added Component: Designator=Temp +(SW_800AWSP9M2QE)
Add component (AddParameter): Name = "Availability"; Value = "In Stock"; VariantName = "[No Variations]"
Add component (AddParameter): Name = "Check_prices"; Value = "https://www.snapeda.com/parts/800AWSP9M2QE/E-Switch/view-part/?ref=eda"; VariantName = "[No Variations]"
Add component (AddParameter): Name = "MF"; Value = "E-Switch"; VariantName = "[No Variations]"
Add component (AddParameter): Name = "MP"; Value = "800AWSP9M2QE"; VariantName = "[No Variations]"
Add component (AddParameter): Name = "Package"; Value = "None"; VariantName = "[No Variations]"
Add component (AddParameter): Name = "Price"; Value = "None"; VariantName = "[No Variations]"
Add component (AddParameter): Name = "Purchase-URL"; Value = "https://pricing.snapeda.com/search/part/800AWSP9M2QE/?ref=eda"; VariantName = "[No Variations]"
Add component (AddParameter): Name = "SnapEDA_Link"; Value = "https://www.snapeda.com/parts/800AWSP9M2QE/E-Switch/view-part/?ref=snap"; VariantName = "[No Variations]"
Add component (AddParameter): Name = "Value"; Value = ""; VariantName = "[No Variations]"
Added Component: Designator=Temp -(SW_800AWSP9M2QE)
Add component (AddParameter): Name = "Availability"; Value = "In Stock"; VariantName = "[No Variations]"
Add component (AddParameter): Name = "Check_prices"; Value = "https://www.snapeda.com/parts/800AWSP9M2QE/E-Switch/view-part/?ref=eda"; VariantName = "[No Variations]"
Add component (AddParameter): Name = "MF"; Value = "E-Switch"; VariantName = "[No Variations]"
Add component (AddParameter): Name = "MP"; Value = "800AWSP9M2QE"; VariantName = "[No Variations]"
Add component (AddParameter): Name = "Package"; Value = "None"; VariantName = "[No Variations]"
Add component (AddParameter): Name = "Price"; Value = "None"; VariantName = "[No Variations]"
Add component (AddParameter): Name = "Purchase-URL"; Value = "https://pricing.snapeda.com/search/part/800AWSP9M2QE/?ref=eda"; VariantName = "[No Variations]"
Add component (AddParameter): Name = "SnapEDA_Link"; Value = "https://www.snapeda.com/parts/800AWSP9M2QE/E-Switch/view-part/?ref=snap"; VariantName = "[No Variations]"
Add component (AddParameter): Name = "Value"; Value = ""; VariantName = "[No Variations]"
Added Component: Designator=Temperature(FP-22-28-4060-MFG)
Add component (AddParameter): Name = "Color"; Value = "Black"; VariantName = "[No Variations]"
Add component (AddParameter): Name = "Connector Type"; Value = "Male Pin"; VariantName = "[No Variations]"
Add component (AddParameter): Name = "Contact Material"; Value = "Brass"; VariantName = "[No Variations]"
Add component (AddParameter): Name = "Contact Mating Length"; Value = "0.24inch"; VariantName = "[No Variations]"
Add component (AddParameter): Name = "Contact Plating"; Value = "Tin"; VariantName = "[No Variations]"
Add component (AddParameter): Name = "Contact Resistance"; Value = "20mR"; VariantName = "[No Variations]"
Add component (AddParameter): Name = "Contact Type"; Value = "Male Pin"; VariantName = "[No Variations]"
Add component (AddParameter): Name = "Current Rating"; Value = "4A"; VariantName = "[No Variations]"
Add component (AddParameter): Name = "Depth"; Value = "2.49mm"; VariantName = "[No Variations]"
Add component (AddParameter): Name = "Gender"; Value = "Male"; VariantName = "[No Variations]"
Add component (AddParameter): Name = "Housing Color"; Value = "Black"; VariantName = "[No Variations]"
Add component (AddParameter): Name = "Housing Material"; Value = "Thermoplastic"; VariantName = "[No Variations]"
Add component (AddParameter): Name = "Length"; Value = "15.24mm"; VariantName = "[No Variations]"
Add component (AddParameter): Name = "Max Operating Temperature"; Value = "75°C"; VariantName = "[No Variations]"
Add component (AddParameter): Name = "Max Voltage Rating (AC)"; Value = "250V"; VariantName = "[No Variations]"
Add component (AddParameter): Name = "Max Voltage Rating (DC)"; Value = "250.25kV"; VariantName = "[No Variations]"
Add component (AddParameter): Name = "Min Operating Temperature"; Value = "0°C"; VariantName = "[No Variations]"
Add component (AddParameter): Name = "Mount"; Value = "Through Hole"; VariantName = "[No Variations]"
Add component (AddParameter): Name = "Number of Contacts"; Value = "6"; VariantName = "[No Variations]"
Add component (AddParameter): Name = "Number of Positions"; Value = "6"; VariantName = "[No Variations]"
Add component (AddParameter): Name = "Number of Rows"; Value = "1"; VariantName = "[No Variations]"
Add component (AddParameter): Name = "Orientation"; Value = "Straight"; VariantName = "[No Variations]"
Add component (AddParameter): Name = "Package Quantity"; Value = "1"; VariantName = "[No Variations]"
Add component (AddParameter): Name = "Packaging"; Value = "Bulk"; VariantName = "[No Variations]"
Add component (AddParameter): Name = "Pitch"; Value = "2.54mm"; VariantName = "[No Variations]"
Add component (AddParameter): Name = "RoHS Compliant"; Value = "Yes"; VariantName = "[No Variations]"
Add component (AddParameter): Name = "Series"; Value = "KK® 42375"; VariantName = "[No Variations]"
Add component (AddParameter): Name = "Termination"; Value = "Solder"; VariantName = "[No Variations]"
Add component (AddParameter): Name = "Voltage Rating"; Value = "250V"; VariantName = "[No Variations]"
Added Component: Designator=Temporature(TE_2-826926-0)
Add component (AddParameter): Name = "Availability"; Value = "Warning"; VariantName = "[No Variations]"
Add component (AddParameter): Name = "Centerline_Pitch"; Value = "2.54 mm[.1 in]"; VariantName = "[No Variations]"
Add component (AddParameter): Name = "EU_RoHS_Compliance"; Value = "Compliant"; VariantName = "[No Variations]"
Add component (AddParameter): Name = "MF"; Value = "TE Connectivity"; VariantName = "[No Variations]"
Add component (AddParameter): Name = "MP"; Value = "2-826926-0"; VariantName = "[No Variations]"
Add component (AddParameter): Name = "Number_of_Positions"; Value = "20"; VariantName = "[No Variations]"
Add component (AddParameter): Name = "Package"; Value = "None"; VariantName = "[No Variations]"
Add component (AddParameter): Name = "Price"; Value = "None"; VariantName = "[No Variations]"
Add component (AddParameter): Name = "Product_Type"; Value = "Connector"; VariantName = "[No Variations]"
Add component (AddParameter): Name = "SnapEDA_Link"; Value = "https://www.snapeda.com/parts/2-826926-0/TE%20Connectivity%20AMP%20Connectors/view-part/1399270/?ref=snap"; VariantName = "[No Variations]"
Add component (AddParameter): Name = "Value"; Value = ""; VariantName = "[No Variations]"
Added Component: Designator=Timer +(SW_800AWSP9M2QE)
Add component (AddParameter): Name = "Availability"; Value = "In Stock"; VariantName = "[No Variations]"
Add component (AddParameter): Name = "Check_prices"; Value = "https://www.snapeda.com/parts/800AWSP9M2QE/E-Switch/view-part/?ref=eda"; VariantName = "[No Variations]"
Add component (AddParameter): Name = "MF"; Value = "E-Switch"; VariantName = "[No Variations]"
Add component (AddParameter): Name = "MP"; Value = "800AWSP9M2QE"; VariantName = "[No Variations]"
Add component (AddParameter): Name = "Package"; Value = "None"; VariantName = "[No Variations]"
Add component (AddParameter): Name = "Price"; Value = "None"; VariantName = "[No Variations]"
Add component (AddParameter): Name = "Purchase-URL"; Value = "https://pricing.snapeda.com/search/part/800AWSP9M2QE/?ref=eda"; VariantName = "[No Variations]"
Add component (AddParameter): Name = "SnapEDA_Link"; Value = "https://www.snapeda.com/parts/800AWSP9M2QE/E-Switch/view-part/?ref=snap"; VariantName = "[No Variations]"
Add component (AddParameter): Name = "Value"; Value = ""; VariantName = "[No Variations]"
Added Component: Designator=Timer -(SW_800AWSP9M2QE)
Add component (AddParameter): Name = "Availability"; Value = "In Stock"; VariantName = "[No Variations]"
Add component (AddParameter): Name = "Check_prices"; Value = "https://www.snapeda.com/parts/800AWSP9M2QE/E-Switch/view-part/?ref=eda"; VariantName = "[No Variations]"
Add component (AddParameter): Name = "MF"; Value = "E-Switch"; VariantName = "[No Variations]"
Add component (AddParameter): Name = "MP"; Value = "800AWSP9M2QE"; VariantName = "[No Variations]"
Add component (AddParameter): Name = "Package"; Value = "None"; VariantName = "[No Variations]"
Add component (AddParameter): Name = "Price"; Value = "None"; VariantName = "[No Variations]"
Add component (AddParameter): Name = "Purchase-URL"; Value = "https://pricing.snapeda.com/search/part/800AWSP9M2QE/?ref=eda"; VariantName = "[No Variations]"
Add component (AddParameter): Name = "SnapEDA_Link"; Value = "https://www.snapeda.com/parts/800AWSP9M2QE/E-Switch/view-part/?ref=snap"; VariantName = "[No Variations]"
Add component (AddParameter): Name = "Value"; Value = ""; VariantName = "[No Variations]"
Added Component: Designator=Timer off(SW_800AWSP9M2QE)
Add component (AddParameter): Name = "Availability"; Value = "In Stock"; VariantName = "[No Variations]"
Add component (AddParameter): Name = "Check_prices"; Value = "https://www.snapeda.com/parts/800AWSP9M2QE/E-Switch/view-part/?ref=eda"; VariantName = "[No Variations]"
Add component (AddParameter): Name = "MF"; Value = "E-Switch"; VariantName = "[No Variations]"
Add component (AddParameter): Name = "MP"; Value = "800AWSP9M2QE"; VariantName = "[No Variations]"
Add component (AddParameter): Name = "Package"; Value = "None"; VariantName = "[No Variations]"
Add component (AddParameter): Name = "Price"; Value = "None"; VariantName = "[No Variations]"
Add component (AddParameter): Name = "Purchase-URL"; Value = "https://pricing.snapeda.com/search/part/800AWSP9M2QE/?ref=eda"; VariantName = "[No Variations]"
Add component (AddParameter): Name = "SnapEDA_Link"; Value = "https://www.snapeda.com/parts/800AWSP9M2QE/E-Switch/view-part/?ref=snap"; VariantName = "[No Variations]"
Add component (AddParameter): Name = "Value"; Value = ""; VariantName = "[No Variations]"
Added Component: Designator=Timer (FP-22-28-4060-MFG)
Add component (AddParameter): Name = "Color"; Value = "Black"; VariantName = "[No Variations]"
Add component (AddParameter): Name = "Connector Type"; Value = "Male Pin"; VariantName = "[No Variations]"
Add component (AddParameter): Name = "Contact Material"; Value = "Brass"; VariantName = "[No Variations]"
Add component (AddParameter): Name = "Contact Mating Length"; Value = "0.24inch"; VariantName = "[No Variations]"
Add component (AddParameter): Name = "Contact Plating"; Value = "Tin"; VariantName = "[No Variations]"
Add component (AddParameter): Name = "Contact Resistance"; Value = "20mR"; VariantName = "[No Variations]"
Add component (AddParameter): Name = "Contact Type"; Value = "Male Pin"; VariantName = "[No Variations]"
Add component (AddParameter): Name = "Current Rating"; Value = "4A"; VariantName = "[No Variations]"
Add component (AddParameter): Name = "Depth"; Value = "2.49mm"; VariantName = "[No Variations]"
Add component (AddParameter): Name = "Gender"; Value = "Male"; VariantName = "[No Variations]"
Add component (AddParameter): Name = "Housing Color"; Value = "Black"; VariantName = "[No Variations]"
Add component (AddParameter): Name = "Housing Material"; Value = "Thermoplastic"; VariantName = "[No Variations]"
Add component (AddParameter): Name = "Length"; Value = "15.24mm"; VariantName = "[No Variations]"
Add component (AddParameter): Name = "Max Operating Temperature"; Value = "75°C"; VariantName = "[No Variations]"
Add component (AddParameter): Name = "Max Voltage Rating (AC)"; Value = "250V"; VariantName = "[No Variations]"
Add component (AddParameter): Name = "Max Voltage Rating (DC)"; Value = "250.25kV"; VariantName = "[No Variations]"
Add component (AddParameter): Name = "Min Operating Temperature"; Value = "0°C"; VariantName = "[No Variations]"
Add component (AddParameter): Name = "Mount"; Value = "Through Hole"; VariantName = "[No Variations]"
Add component (AddParameter): Name = "Number of Contacts"; Value = "6"; VariantName = "[No Variations]"
Add component (AddParameter): Name = "Number of Positions"; Value = "6"; VariantName = "[No Variations]"
Add component (AddParameter): Name = "Number of Rows"; Value = "1"; VariantName = "[No Variations]"
Add component (AddParameter): Name = "Orientation"; Value = "Straight"; VariantName = "[No Variations]"
Add component (AddParameter): Name = "Package Quantity"; Value = "1"; VariantName = "[No Variations]"
Add component (AddParameter): Name = "Packaging"; Value = "Bulk"; VariantName = "[No Variations]"
Add component (AddParameter): Name = "Pitch"; Value = "2.54mm"; VariantName = "[No Variations]"
Add component (AddParameter): Name = "RoHS Compliant"; Value = "Yes"; VariantName = "[No Variations]"
Add component (AddParameter): Name = "Series"; Value = "KK® 42375"; VariantName = "[No Variations]"
Add component (AddParameter): Name = "Termination"; Value = "Solder"; VariantName = "[No Variations]"
Add component (AddParameter): Name = "Voltage Rating"; Value = "250V"; VariantName = "[No Variations]"
Added Component: Designator=Timer(TE_2-826926-0)
Add component (AddParameter): Name = "Availability"; Value = "Warning"; VariantName = "[No Variations]"
Add component (AddParameter): Name = "Centerline_Pitch"; Value = "2.54 mm[.1 in]"; VariantName = "[No Variations]"
Add component (AddParameter): Name = "EU_RoHS_Compliance"; Value = "Compliant"; VariantName = "[No Variations]"
Add component (AddParameter): Name = "MF"; Value = "TE Connectivity"; VariantName = "[No Variations]"
Add component (AddParameter): Name = "MP"; Value = "2-826926-0"; VariantName = "[No Variations]"
Add component (AddParameter): Name = "Number_of_Positions"; Value = "20"; VariantName = "[No Variations]"
Add component (AddParameter): Name = "Package"; Value = "None"; VariantName = "[No Variations]"
Add component (AddParameter): Name = "Price"; Value = "None"; VariantName = "[No Variations]"
Add component (AddParameter): Name = "Product_Type"; Value = "Connector"; VariantName = "[No Variations]"
Add component (AddParameter): Name = "SnapEDA_Link"; Value = "https://www.snapeda.com/parts/2-826926-0/TE%20Connectivity%20AMP%20Connectors/view-part/1399270/?ref=snap"; VariantName = "[No Variations]"
Add component (AddParameter): Name = "Value"; Value = ""; VariantName = "[No Variations]"
Added Pin To Net: NetName=GND Pin=Error LED-C
Added Pin To Net: NetName=GND Pin=MODE 1 -C
Added Pin To Net: NetName=GND Pin=MODE 2-C
Added Pin To Net: NetName=GND Pin=MODE 3-C
Added Pin To Net: NetName=GND Pin=MODE 4-C
Added Pin To Net: NetName=GND Pin=MODE 5 -C
Added Pin To Net: NetName=GND Pin=Power LED-C
Added Pin To Net: NetName=GND Pin=Temperature-4
Added Pin To Net: NetName=GND Pin=Temporature-4
Added Pin To Net: NetName=GND Pin=Timer-4
Added Pin To Net: NetName=GND Pin=Timer -6
Added Net: Name=GND
Added Pin To Net: NetName=NetError LED_A Pin=Error LED-A
Added Pin To Net: NetName=NetError LED_A Pin=Power, Error & Timer off-4
Added Net: Name=NetError LED_A
Added Pin To Net: NetName=NetMODE 1 _A Pin=MODE 1 -A
Added Pin To Net: NetName=NetMODE 1 _A Pin=Mode LED , Changer-1
Added Net: Name=NetMODE 1 _A
Added Pin To Net: NetName=NetMODE 2_A Pin=MODE 2-A
Added Pin To Net: NetName=NetMODE 2_A Pin=Mode LED , Changer-2
Added Net: Name=NetMODE 2_A
Added Pin To Net: NetName=NetMODE 3_A Pin=MODE 3-A
Added Pin To Net: NetName=NetMODE 3_A Pin=Mode LED , Changer-3
Added Net: Name=NetMODE 3_A
Added Pin To Net: NetName=NetMODE 4_A Pin=MODE 4-A
Added Pin To Net: NetName=NetMODE 4_A Pin=Mode LED , Changer-4
Added Net: Name=NetMODE 4_A
Added Pin To Net: NetName=NetMODE 5 _A Pin=MODE 5 -A
Added Pin To Net: NetName=NetMODE 5 _A Pin=Mode LED , Changer-5
Added Net: Name=NetMODE 5 _A
Added Pin To Net: NetName=NetMode Changer_1 Pin=Mode Changer-1
Added Pin To Net: NetName=NetMode Changer_1 Pin=Mode LED , Changer-6
Added Net: Name=NetMode Changer_1
Added Pin To Net: NetName=NetPower, Error & Timer off_2 Pin=Power, Error & Timer off-2
Added Pin To Net: NetName=NetPower, Error & Timer off_2 Pin=Timer off-3
Added Net: Name=NetPower, Error & Timer off_2
Added Pin To Net: NetName=NetPower LED_A Pin=Power LED-A
Added Pin To Net: NetName=NetPower LED_A Pin=Power, Error & Timer off-1
Added Net: Name=NetPower LED_A
Added Pin To Net: NetName=NetTemp +_1 Pin=Temp +-1
Added Pin To Net: NetName=NetTemp +_1 Pin=Temperature-6
Added Net: Name=NetTemp +_1
Added Pin To Net: NetName=NetTemp -_1 Pin=Temp --1
Added Pin To Net: NetName=NetTemp -_1 Pin=Temperature-5
Added Net: Name=NetTemp -_1
Added Pin To Net: NetName=NetTemperature_1 Pin=Temperature-1
Added Pin To Net: NetName=NetTemperature_1 Pin=Temporature-1
Added Net: Name=NetTemperature_1
Added Pin To Net: NetName=NetTemperature_2 Pin=Temperature-2
Added Pin To Net: NetName=NetTemperature_2 Pin=Temporature-2
Added Net: Name=NetTemperature_2
Added Pin To Net: NetName=NetTimer +_1 Pin=Timer -1
Added Pin To Net: NetName=NetTimer +_1 Pin=Timer +-1
Added Net: Name=NetTimer +_1
Added Pin To Net: NetName=NetTimer -_1 Pin=Timer -2
Added Pin To Net: NetName=NetTimer -_1 Pin=Timer --1
Added Net: Name=NetTimer -_1
Added Pin To Net: NetName=NetTimer _3 Pin=Timer-1
Added Pin To Net: NetName=NetTimer _3 Pin=Timer -3
Added Net: Name=NetTimer _3
Added Pin To Net: NetName=NetTimer _4 Pin=Timer-2
Added Pin To Net: NetName=NetTimer _4 Pin=Timer -4
Added Net: Name=NetTimer _4
Added Pin To Net: NetName=Vcc Pin=Mode Changer-3
Added Pin To Net: NetName=Vcc Pin=Temp +-3
Added Pin To Net: NetName=Vcc Pin=Temp --3
Added Pin To Net: NetName=Vcc Pin=Temperature-3
Added Pin To Net: NetName=Vcc Pin=Temporature-3
Added Pin To Net: NetName=Vcc Pin=Timer-3
Added Pin To Net: NetName=Vcc Pin=Timer -5
Added Pin To Net: NetName=Vcc Pin=Timer +-3
Added Pin To Net: NetName=Vcc Pin=Timer --3
Added Pin To Net: NetName=Vcc Pin=Timer off-1
Added Net: Name=Vcc
Added Class: Name=Second_PCB
